\BOOKMARK [1][-]{section*.1}{Acknowledgments}{}% 1
\BOOKMARK [1][-]{section*.2}{Resumo}{}% 2
\BOOKMARK [1][-]{section*.3}{Abstract}{}% 3
\BOOKMARK [1][-]{section*.5}{List of Tables}{}% 4
\BOOKMARK [1][-]{section*.7}{List of Figures}{}% 5
\BOOKMARK [1][-]{section*.9}{Nomenclature}{}% 6
\BOOKMARK [0][-]{chapter.1}{1 Introduction}{}% 7
\BOOKMARK [1][-]{section.1.1}{1.1 Motivation}{chapter.1}% 8
\BOOKMARK [1][-]{section.1.2}{1.2 Objectives}{chapter.1}% 9
\BOOKMARK [1][-]{section.1.3}{1.3 Contributions}{chapter.1}% 10
\BOOKMARK [1][-]{section.1.4}{1.4 Results}{chapter.1}% 11
\BOOKMARK [1][-]{section.1.5}{1.5 Structure of The Document}{chapter.1}% 12
\BOOKMARK [0][-]{chapter.2}{2 Background}{}% 13
\BOOKMARK [1][-]{section.2.1}{2.1 Cryptograpic Algorithms}{chapter.2}% 14
\BOOKMARK [2][-]{subsection.2.1.1}{2.1.1 Symmetric vs Asymmetric Cryptography}{section.2.1}% 15
\BOOKMARK [2][-]{subsection.2.1.2}{2.1.2 Public Certificates and Certificate Chains}{section.2.1}% 16
\BOOKMARK [2][-]{subsection.2.1.3}{2.1.3 aead Ciphers}{section.2.1}% 17
\BOOKMARK [2][-]{subsection.2.1.4}{2.1.4 ecc}{section.2.1}% 18
\BOOKMARK [1][-]{section.2.2}{2.2 The tls Protocol}{chapter.2}% 19
\BOOKMARK [2][-]{subsection.2.2.1}{2.2.1 tls \(Sub\)Protocols}{section.2.2}% 20
\BOOKMARK [2][-]{subsection.2.2.2}{2.2.2 TLS 1.2 Handshake Protocol}{section.2.2}% 21
\BOOKMARK [2][-]{subsection.2.2.3}{2.2.3 tls Record Processing}{section.2.2}% 22
\BOOKMARK [2][-]{subsection.2.2.4}{2.2.4 tls Keying Material}{section.2.2}% 23
\BOOKMARK [2][-]{subsection.2.2.5}{2.2.5 TLS 1.2 Keying Material Generation}{section.2.2}% 24
\BOOKMARK [2][-]{subsection.2.2.6}{2.2.6 TLS 1.2 Key Exchange Methods}{section.2.2}% 25
\BOOKMARK [2][-]{subsection.2.2.7}{2.2.7 TLS Extensions}{section.2.2}% 26
\BOOKMARK [2][-]{subsection.2.2.8}{2.2.8 TLS 1.3}{section.2.2}% 27
\BOOKMARK [2][-]{subsection.2.2.9}{2.2.9 dtls}{section.2.2}% 28
\BOOKMARK [1][-]{section.2.3}{2.3 Related Work}{chapter.2}% 29
\BOOKMARK [0][-]{chapter.3}{3 Results}{}% 30
\BOOKMARK [1][-]{section.3.1}{3.1 Methodology}{chapter.3}% 31
\BOOKMARK [2][-]{subsection.3.1.1}{3.1.1 Evaluated Metrics and Limitations}{section.3.1}% 32
\BOOKMARK [2][-]{subsection.3.1.2}{3.1.2 Developed Tools}{section.3.1}% 33
\BOOKMARK [1][-]{section.3.2}{3.2 Results and Data Analysis}{chapter.3}% 34
\BOOKMARK [2][-]{subsection.3.2.1}{3.2.1 Security Levels}{section.3.2}% 35
\BOOKMARK [2][-]{subsection.3.2.2}{3.2.2 Evaluation of Security Services in TLS}{section.3.2}% 36
\BOOKMARK [2][-]{subsection.3.2.3}{3.2.3 PSK Authentication Cost Analysis}{section.3.2}% 37
\BOOKMARK [2][-]{subsection.3.2.4}{3.2.4 Asymmetric Algorithms Authentication Cost Analysis}{section.3.2}% 38
\BOOKMARK [2][-]{subsection.3.2.5}{3.2.5 Perfect Forward Secrecy Cost Analysis}{section.3.2}% 39
\BOOKMARK [2][-]{subsection.3.2.6}{3.2.6 TLS Handshake Cost Analysis}{section.3.2}% 40
\BOOKMARK [2][-]{subsection.3.2.7}{3.2.7 Confidentiality and Integrity Cost Analysis}{section.3.2}% 41
\BOOKMARK [2][-]{subsection.3.2.8}{3.2.8 PAPI Time Cost Analysis and Comparison To Estimated CPU Cycles }{section.3.2}% 42
\BOOKMARK [2][-]{subsection.3.2.9}{3.2.9 Discussion}{section.3.2}% 43
\BOOKMARK [0][-]{chapter.4}{4 Conclusions and Future Work}{}% 44
\BOOKMARK [1][-]{section.4.1}{4.1 Conclusions}{chapter.4}% 45
\BOOKMARK [1][-]{section.4.2}{4.2 Future Work}{chapter.4}% 46
\BOOKMARK [0][-]{section*.26}{Bibliography}{}% 47
\BOOKMARK [0][-]{appendix.A}{A Appendix A}{}% 48
